<?xml version="1.0" encoding="UTF-8"?>
<!-- Generated by org.testng.reporters.JUnitReportReporter -->
<testsuite skipped="0" hostname="DESKTOP-SPPT2CF" name="travellin.AppTest" tests="1" failures="0" timestamp="2021-07-09T10:49:45 ICT" time="0.018" errors="0">
  <testcase name="testApp" time="0.018" classname="travellin.AppTest"/>
  <system-out/>
</testsuite> <!-- travellin.AppTest -->
