<?xml version="1.0" encoding="UTF-8"?>
<!-- Generated by org.testng.reporters.JUnitReportReporter -->
<testsuite hostname="DESKTOP-SPPT2CF" failures="0" tests="2" name="travellin.HomePage" time="248.098" errors="0" timestamp="2021-11-17T16:39:46 WIB" skipped="0">
  <testcase classname="travellin.HomePage" name="basePageNavigator" time="147.811"/>
  <system-out/>
  <testcase classname="travellin.HomePage" name="basePageNavigator" time="100.287"/>
  <system-out/>
</testsuite> <!-- travellin.HomePage -->
