<?xml version="1.0" encoding="UTF-8"?>
<!-- Generated by org.testng.reporters.JUnitReportReporter -->
<testsuite skipped="0" hostname="DESKTOP-SPPT2CF" name="travellin.HomePage" tests="2" failures="0" timestamp="2021-06-29T10:45:48 ICT" time="110.019" errors="0">
  <testcase name="basePageNavigator" time="53.853" classname="travellin.HomePage"/>
  <system-out/>
  <testcase name="basePageNavigator" time="56.166" classname="travellin.HomePage"/>
  <system-out/>
</testsuite> <!-- travellin.HomePage -->
