<?xml version="1.0" encoding="UTF-8"?>
<!-- Generated by org.testng.reporters.JUnitReportReporter -->
<testsuite skipped="0" hostname="DESKTOP-SPPT2CF" name="cucumberOptions.TestNGRunner" tests="1" failures="0" timestamp="2022-12-02T23:35:43 ICT" time="62.853" errors="0">
  <testcase name="feature" time="62.853" classname="cucumberOptions.TestNGRunner"/>
</testsuite> <!-- cucumberOptions.TestNGRunner -->
